build/app/intermediates/manifest_merge_blame_file/debug/manifest-merger-blame-debug-report.txt
1<?xml version="1.0" encoding="utf-8"?>
2<manifest xmlns:android="http://schemas.android.com/apk/res/android"
3    package="com.example.canada"
4    android:versionCode="1"
5    android:versionName="1.0.0" >
6
7    <uses-sdk
8        android:minSdkVersion="21"
9        android:targetSdkVersion="34" />
10    <!--
11         The INTERNET permission is required for development. Specifically,
12         the Flutter tool needs it to communicate with the running application
13         to allow setting breakpoints, to provide hot reload, etc.
14    -->
15    <uses-permission android:name="android.permission.INTERNET" />
15-->src\debug\AndroidManifest.xml:6:5-66
15-->src\debug\AndroidManifest.xml:6:22-64
16    <uses-permission android:name="android.permission.ACCESS_FINE_LOCATION" />
16-->src\main\AndroidManifest.xml:2:1-75
16-->src\main\AndroidManifest.xml:2:18-72
17    <uses-permission android:name="android.permission.ACCESS_COARSE_LOCATION" />
17-->src\main\AndroidManifest.xml:3:1-77
17-->src\main\AndroidManifest.xml:3:18-74
18    <!--
19 Required to query activities that can process text, see:
20         https://developer.android.com/training/package-visibility and
21         https://developer.android.com/reference/android/content/Intent#ACTION_PROCESS_TEXT.
22
23         In particular, this is used by the Flutter engine in io.flutter.plugin.text.ProcessTextPlugin.
24    -->
25    <queries>
25-->src\main\AndroidManifest.xml:41:5-46:15
26        <intent>
26-->src\main\AndroidManifest.xml:42:9-45:18
27            <action android:name="android.intent.action.PROCESS_TEXT" />
27-->src\main\AndroidManifest.xml:43:13-72
27-->src\main\AndroidManifest.xml:43:21-70
28
29            <data android:mimeType="text/plain" />
29-->src\main\AndroidManifest.xml:44:13-50
29-->src\main\AndroidManifest.xml:44:19-48
30        </intent>
31
32        <package android:name="com.facebook.katana" />
32-->[com.facebook.android:facebook-common:17.0.1] AndroidManifest.xml:18:9-55
32-->[com.facebook.android:facebook-common:17.0.1] AndroidManifest.xml:18:18-52
33    </queries>
34
35    <uses-permission android:name="android.permission.VIBRATE" />
35-->[:vibration] AndroidManifest.xml:7:5-66
35-->[:vibration] AndroidManifest.xml:7:22-63
36    <uses-permission android:name="com.google.android.gms.permission.AD_ID" />
36-->[com.facebook.android:facebook-core:17.0.1] AndroidManifest.xml:16:5-79
36-->[com.facebook.android:facebook-core:17.0.1] AndroidManifest.xml:16:22-76
37
38    <permission
38-->[androidx.core:core:1.13.1] AndroidManifest.xml:22:5-24:47
39        android:name="com.example.canada.DYNAMIC_RECEIVER_NOT_EXPORTED_PERMISSION"
39-->[androidx.core:core:1.13.1] AndroidManifest.xml:23:9-81
40        android:protectionLevel="signature" />
40-->[androidx.core:core:1.13.1] AndroidManifest.xml:24:9-44
41
42    <uses-permission android:name="com.example.canada.DYNAMIC_RECEIVER_NOT_EXPORTED_PERMISSION" />
42-->[androidx.core:core:1.13.1] AndroidManifest.xml:26:5-97
42-->[androidx.core:core:1.13.1] AndroidManifest.xml:26:22-94
43    <uses-permission android:name="com.google.android.finsky.permission.BIND_GET_INSTALL_REFERRER_SERVICE" />
43-->[com.android.installreferrer:installreferrer:1.0] AndroidManifest.xml:9:5-110
43-->[com.android.installreferrer:installreferrer:1.0] AndroidManifest.xml:9:22-107
44
45    <application
46        android:name="android.app.Application"
47        android:appComponentFactory="androidx.core.app.CoreComponentFactory"
47-->[androidx.core:core:1.13.1] AndroidManifest.xml:28:18-86
48        android:debuggable="true"
49        android:extractNativeLibs="true"
50        android:icon="@mipmap/ic_launcher"
51        android:label="canada"
52        android:supportsRtl="true" >
52-->[com.facebook.android:facebook-login:17.0.1] AndroidManifest.xml:16:18-44
53        <activity
54            android:name="com.example.canada.MainActivity"
55            android:configChanges="orientation|keyboardHidden|keyboard|screenSize|smallestScreenSize|locale|layoutDirection|fontScale|screenLayout|density|uiMode"
56            android:exported="true"
57            android:hardwareAccelerated="true"
58            android:launchMode="singleTop"
59            android:taskAffinity=""
60            android:theme="@style/LaunchTheme"
61            android:windowSoftInputMode="adjustResize" >
62
63            <!--
64                 Specifies an Android theme to apply to this Activity as soon as
65                 the Android process has started. This theme is visible to the user
66                 while the Flutter UI initializes. After that, this theme continues
67                 to determine the Window background behind the Flutter UI.
68            -->
69            <meta-data
70                android:name="io.flutter.embedding.android.NormalTheme"
71                android:resource="@style/NormalTheme" />
72
73            <intent-filter>
74                <action android:name="android.intent.action.MAIN" />
75
76                <category android:name="android.intent.category.LAUNCHER" />
77            </intent-filter>
78        </activity>
79        <!--
80             Don't delete the meta-data below.
81             This is used by the Flutter tool to generate GeneratedPluginRegistrant.java
82        -->
83        <meta-data
84            android:name="flutterEmbedding"
85            android:value="2" />
86
87        <service
87-->[:geolocator_android] AndroidManifest.xml:8:9-12:56
88            android:name="com.baseflow.geolocator.GeolocatorLocationService"
88-->[:geolocator_android] AndroidManifest.xml:9:13-77
89            android:enabled="true"
89-->[:geolocator_android] AndroidManifest.xml:10:13-35
90            android:exported="false"
90-->[:geolocator_android] AndroidManifest.xml:11:13-37
91            android:foregroundServiceType="location" />
91-->[:geolocator_android] AndroidManifest.xml:12:13-53
92
93        <uses-library
93-->[androidx.window:window:1.2.0] AndroidManifest.xml:23:9-25:40
94            android:name="androidx.window.extensions"
94-->[androidx.window:window:1.2.0] AndroidManifest.xml:24:13-54
95            android:required="false" />
95-->[androidx.window:window:1.2.0] AndroidManifest.xml:25:13-37
96        <uses-library
96-->[androidx.window:window:1.2.0] AndroidManifest.xml:26:9-28:40
97            android:name="androidx.window.sidecar"
97-->[androidx.window:window:1.2.0] AndroidManifest.xml:27:13-51
98            android:required="false" />
98-->[androidx.window:window:1.2.0] AndroidManifest.xml:28:13-37
99
100        <activity
100-->[com.facebook.android:facebook-common:17.0.1] AndroidManifest.xml:22:9-25:66
101            android:name="com.facebook.FacebookActivity"
101-->[com.facebook.android:facebook-common:17.0.1] AndroidManifest.xml:23:13-57
102            android:configChanges="keyboard|keyboardHidden|screenLayout|screenSize|orientation"
102-->[com.facebook.android:facebook-common:17.0.1] AndroidManifest.xml:24:13-96
103            android:theme="@style/com_facebook_activity_theme" />
103-->[com.facebook.android:facebook-common:17.0.1] AndroidManifest.xml:25:13-63
104        <activity android:name="com.facebook.CustomTabMainActivity" />
104-->[com.facebook.android:facebook-common:17.0.1] AndroidManifest.xml:26:9-71
104-->[com.facebook.android:facebook-common:17.0.1] AndroidManifest.xml:26:19-68
105        <activity
105-->[com.facebook.android:facebook-common:17.0.1] AndroidManifest.xml:27:9-41:20
106            android:name="com.facebook.CustomTabActivity"
106-->[com.facebook.android:facebook-common:17.0.1] AndroidManifest.xml:28:13-58
107            android:exported="true" >
107-->[com.facebook.android:facebook-common:17.0.1] AndroidManifest.xml:29:13-36
108            <intent-filter>
108-->[com.facebook.android:facebook-common:17.0.1] AndroidManifest.xml:31:13-40:29
109                <action android:name="android.intent.action.VIEW" />
109-->[com.facebook.android:facebook-common:17.0.1] AndroidManifest.xml:32:17-69
109-->[com.facebook.android:facebook-common:17.0.1] AndroidManifest.xml:32:25-66
110
111                <category android:name="android.intent.category.DEFAULT" />
111-->[com.facebook.android:facebook-common:17.0.1] AndroidManifest.xml:34:17-76
111-->[com.facebook.android:facebook-common:17.0.1] AndroidManifest.xml:34:27-73
112                <category android:name="android.intent.category.BROWSABLE" />
112-->[com.facebook.android:facebook-common:17.0.1] AndroidManifest.xml:35:17-78
112-->[com.facebook.android:facebook-common:17.0.1] AndroidManifest.xml:35:27-75
113
114                <data
114-->src\main\AndroidManifest.xml:44:13-50
115                    android:host="cct.com.example.canada"
116                    android:scheme="fbconnect" />
117            </intent-filter>
118        </activity>
119        <activity
119-->[com.google.android.gms:play-services-auth:21.0.0] AndroidManifest.xml:23:9-27:75
120            android:name="com.google.android.gms.auth.api.signin.internal.SignInHubActivity"
120-->[com.google.android.gms:play-services-auth:21.0.0] AndroidManifest.xml:24:13-93
121            android:excludeFromRecents="true"
121-->[com.google.android.gms:play-services-auth:21.0.0] AndroidManifest.xml:25:13-46
122            android:exported="false"
122-->[com.google.android.gms:play-services-auth:21.0.0] AndroidManifest.xml:26:13-37
123            android:theme="@android:style/Theme.Translucent.NoTitleBar" />
123-->[com.google.android.gms:play-services-auth:21.0.0] AndroidManifest.xml:27:13-72
124        <!--
125            Service handling Google Sign-In user revocation. For apps that do not integrate with
126            Google Sign-In, this service will never be started.
127        -->
128        <service
128-->[com.google.android.gms:play-services-auth:21.0.0] AndroidManifest.xml:33:9-37:51
129            android:name="com.google.android.gms.auth.api.signin.RevocationBoundService"
129-->[com.google.android.gms:play-services-auth:21.0.0] AndroidManifest.xml:34:13-89
130            android:exported="true"
130-->[com.google.android.gms:play-services-auth:21.0.0] AndroidManifest.xml:35:13-36
131            android:permission="com.google.android.gms.auth.api.signin.permission.REVOCATION_NOTIFICATION"
131-->[com.google.android.gms:play-services-auth:21.0.0] AndroidManifest.xml:36:13-107
132            android:visibleToInstantApps="true" />
132-->[com.google.android.gms:play-services-auth:21.0.0] AndroidManifest.xml:37:13-48
133
134        <activity
134-->[com.google.android.gms:play-services-base:18.3.0] AndroidManifest.xml:20:9-22:45
135            android:name="com.google.android.gms.common.api.GoogleApiActivity"
135-->[com.google.android.gms:play-services-base:18.3.0] AndroidManifest.xml:20:19-85
136            android:exported="false"
136-->[com.google.android.gms:play-services-base:18.3.0] AndroidManifest.xml:22:19-43
137            android:theme="@android:style/Theme.Translucent.NoTitleBar" />
137-->[com.google.android.gms:play-services-base:18.3.0] AndroidManifest.xml:21:19-78
138
139        <meta-data
139-->[com.google.android.gms:play-services-basement:18.3.0] AndroidManifest.xml:21:9-23:69
140            android:name="com.google.android.gms.version"
140-->[com.google.android.gms:play-services-basement:18.3.0] AndroidManifest.xml:22:13-58
141            android:value="@integer/google_play_services_version" />
141-->[com.google.android.gms:play-services-basement:18.3.0] AndroidManifest.xml:23:13-66
142        <!--
143         The initialization ContentProvider will call FacebookSdk.sdkInitialize automatically
144         with the application context. This config is merged in with the host app's manifest,
145         but there can only be one provider with the same authority activated at any given
146         point; so if the end user has two or more different apps that use Facebook SDK, only the
147         first one will be able to use the provider. To work around this problem, we use the
148         following placeholder in the authority to identify each host application as if it was
149         a completely different provider.
150        -->
151        <provider
151-->[com.facebook.android:facebook-core:17.0.1] AndroidManifest.xml:29:9-32:40
152            android:name="com.facebook.internal.FacebookInitProvider"
152-->[com.facebook.android:facebook-core:17.0.1] AndroidManifest.xml:30:13-70
153            android:authorities="com.example.canada.FacebookInitProvider"
153-->[com.facebook.android:facebook-core:17.0.1] AndroidManifest.xml:31:13-72
154            android:exported="false" />
154-->[com.facebook.android:facebook-core:17.0.1] AndroidManifest.xml:32:13-37
155
156        <receiver
156-->[com.facebook.android:facebook-core:17.0.1] AndroidManifest.xml:34:9-40:20
157            android:name="com.facebook.CurrentAccessTokenExpirationBroadcastReceiver"
157-->[com.facebook.android:facebook-core:17.0.1] AndroidManifest.xml:35:13-86
158            android:exported="false" >
158-->[com.facebook.android:facebook-core:17.0.1] AndroidManifest.xml:36:13-37
159            <intent-filter>
159-->[com.facebook.android:facebook-core:17.0.1] AndroidManifest.xml:37:13-39:29
160                <action android:name="com.facebook.sdk.ACTION_CURRENT_ACCESS_TOKEN_CHANGED" />
160-->[com.facebook.android:facebook-core:17.0.1] AndroidManifest.xml:38:17-95
160-->[com.facebook.android:facebook-core:17.0.1] AndroidManifest.xml:38:25-92
161            </intent-filter>
162        </receiver>
163        <receiver
163-->[com.facebook.android:facebook-core:17.0.1] AndroidManifest.xml:41:9-47:20
164            android:name="com.facebook.AuthenticationTokenManager$CurrentAuthenticationTokenChangedBroadcastReceiver"
164-->[com.facebook.android:facebook-core:17.0.1] AndroidManifest.xml:42:13-118
165            android:exported="false" >
165-->[com.facebook.android:facebook-core:17.0.1] AndroidManifest.xml:43:13-37
166            <intent-filter>
166-->[com.facebook.android:facebook-core:17.0.1] AndroidManifest.xml:44:13-46:29
167                <action android:name="com.facebook.sdk.ACTION_CURRENT_AUTHENTICATION_TOKEN_CHANGED" />
167-->[com.facebook.android:facebook-core:17.0.1] AndroidManifest.xml:45:17-103
167-->[com.facebook.android:facebook-core:17.0.1] AndroidManifest.xml:45:25-100
168            </intent-filter>
169        </receiver>
170
171        <provider
171-->[androidx.lifecycle:lifecycle-process:2.7.0] AndroidManifest.xml:24:9-32:20
172            android:name="androidx.startup.InitializationProvider"
172-->[androidx.lifecycle:lifecycle-process:2.7.0] AndroidManifest.xml:25:13-67
173            android:authorities="com.example.canada.androidx-startup"
173-->[androidx.lifecycle:lifecycle-process:2.7.0] AndroidManifest.xml:26:13-68
174            android:exported="false" >
174-->[androidx.lifecycle:lifecycle-process:2.7.0] AndroidManifest.xml:27:13-37
175            <meta-data
175-->[androidx.lifecycle:lifecycle-process:2.7.0] AndroidManifest.xml:29:13-31:52
176                android:name="androidx.lifecycle.ProcessLifecycleInitializer"
176-->[androidx.lifecycle:lifecycle-process:2.7.0] AndroidManifest.xml:30:17-78
177                android:value="androidx.startup" />
177-->[androidx.lifecycle:lifecycle-process:2.7.0] AndroidManifest.xml:31:17-49
178            <meta-data
178-->[androidx.profileinstaller:profileinstaller:1.3.1] AndroidManifest.xml:29:13-31:52
179                android:name="androidx.profileinstaller.ProfileInstallerInitializer"
179-->[androidx.profileinstaller:profileinstaller:1.3.1] AndroidManifest.xml:30:17-85
180                android:value="androidx.startup" />
180-->[androidx.profileinstaller:profileinstaller:1.3.1] AndroidManifest.xml:31:17-49
181        </provider>
182
183        <receiver
183-->[androidx.profileinstaller:profileinstaller:1.3.1] AndroidManifest.xml:34:9-52:20
184            android:name="androidx.profileinstaller.ProfileInstallReceiver"
184-->[androidx.profileinstaller:profileinstaller:1.3.1] AndroidManifest.xml:35:13-76
185            android:directBootAware="false"
185-->[androidx.profileinstaller:profileinstaller:1.3.1] AndroidManifest.xml:36:13-44
186            android:enabled="true"
186-->[androidx.profileinstaller:profileinstaller:1.3.1] AndroidManifest.xml:37:13-35
187            android:exported="true"
187-->[androidx.profileinstaller:profileinstaller:1.3.1] AndroidManifest.xml:38:13-36
188            android:permission="android.permission.DUMP" >
188-->[androidx.profileinstaller:profileinstaller:1.3.1] AndroidManifest.xml:39:13-57
189            <intent-filter>
189-->[androidx.profileinstaller:profileinstaller:1.3.1] AndroidManifest.xml:40:13-42:29
190                <action android:name="androidx.profileinstaller.action.INSTALL_PROFILE" />
190-->[androidx.profileinstaller:profileinstaller:1.3.1] AndroidManifest.xml:41:17-91
190-->[androidx.profileinstaller:profileinstaller:1.3.1] AndroidManifest.xml:41:25-88
191            </intent-filter>
192            <intent-filter>
192-->[androidx.profileinstaller:profileinstaller:1.3.1] AndroidManifest.xml:43:13-45:29
193                <action android:name="androidx.profileinstaller.action.SKIP_FILE" />
193-->[androidx.profileinstaller:profileinstaller:1.3.1] AndroidManifest.xml:44:17-85
193-->[androidx.profileinstaller:profileinstaller:1.3.1] AndroidManifest.xml:44:25-82
194            </intent-filter>
195            <intent-filter>
195-->[androidx.profileinstaller:profileinstaller:1.3.1] AndroidManifest.xml:46:13-48:29
196                <action android:name="androidx.profileinstaller.action.SAVE_PROFILE" />
196-->[androidx.profileinstaller:profileinstaller:1.3.1] AndroidManifest.xml:47:17-88
196-->[androidx.profileinstaller:profileinstaller:1.3.1] AndroidManifest.xml:47:25-85
197            </intent-filter>
198            <intent-filter>
198-->[androidx.profileinstaller:profileinstaller:1.3.1] AndroidManifest.xml:49:13-51:29
199                <action android:name="androidx.profileinstaller.action.BENCHMARK_OPERATION" />
199-->[androidx.profileinstaller:profileinstaller:1.3.1] AndroidManifest.xml:50:17-95
199-->[androidx.profileinstaller:profileinstaller:1.3.1] AndroidManifest.xml:50:25-92
200            </intent-filter>
201        </receiver>
202    </application>
203
204</manifest>